2025-02-19 10:41:40,706 [Worker-4: Loading available Gradle versions] INFO  o.e.b.c.i.u.g.PublishedGradleVersions - Gradle version information cache is not available. Remote download required.
2025-02-19 11:05:56,285 [ModalContext] INFO  o.e.m.c.i.e.AbstractTransferListenerAdapter - Downloading https://repo.maven.apache.org/maven2/org/apache/maven/archetypes/maven-archetype-quickstart/1.1/maven-archetype-quickstart-1.1.pom
2025-02-19 11:05:56,309 [ModalContext] INFO  o.e.m.c.i.e.AbstractTransferListenerAdapter - Downloaded https://repo.maven.apache.org/maven2/org/apache/maven/archetypes/maven-archetype-quickstart/1.1/maven-archetype-quickstart-1.1.pom
2025-02-19 11:05:56,472 [ModalContext] INFO  o.e.m.c.i.e.AbstractTransferListenerAdapter - Downloading https://repo.maven.apache.org/maven2/org/apache/maven/archetypes/maven-archetype-bundles/4/maven-archetype-bundles-4.pom
2025-02-19 11:05:56,519 [ModalContext] INFO  o.e.m.c.i.e.AbstractTransferListenerAdapter - Downloaded https://repo.maven.apache.org/maven2/org/apache/maven/archetypes/maven-archetype-bundles/4/maven-archetype-bundles-4.pom
2025-02-19 11:05:56,645 [ModalContext] INFO  o.e.m.c.i.e.AbstractTransferListenerAdapter - Downloading https://repo.maven.apache.org/maven2/org/apache/maven/archetype/maven-archetype/2.0-alpha-5/maven-archetype-2.0-alpha-5.pom
2025-02-19 11:05:56,670 [ModalContext] INFO  o.e.m.c.i.e.AbstractTransferListenerAdapter - Downloaded https://repo.maven.apache.org/maven2/org/apache/maven/archetype/maven-archetype/2.0-alpha-5/maven-archetype-2.0-alpha-5.pom
2025-02-19 11:05:56,813 [ModalContext] INFO  o.e.m.c.i.e.AbstractTransferListenerAdapter - Downloading https://repo.maven.apache.org/maven2/org/apache/maven/maven-parent/16/maven-parent-16.pom
2025-02-19 11:05:56,873 [ModalContext] INFO  o.e.m.c.i.e.AbstractTransferListenerAdapter - Downloaded https://repo.maven.apache.org/maven2/org/apache/maven/maven-parent/16/maven-parent-16.pom
2025-02-19 11:05:57,005 [ModalContext] INFO  o.e.m.c.i.e.AbstractTransferListenerAdapter - Downloading https://repo.maven.apache.org/maven2/org/apache/apache/7/apache-7.pom
2025-02-19 11:05:57,076 [ModalContext] INFO  o.e.m.c.i.e.AbstractTransferListenerAdapter - Downloaded https://repo.maven.apache.org/maven2/org/apache/apache/7/apache-7.pom
2025-02-19 11:05:57,224 [ModalContext] INFO  o.e.m.c.i.e.AbstractTransferListenerAdapter - Downloading https://repo.maven.apache.org/maven2/org/apache/maven/archetypes/maven-archetype-quickstart/1.1/maven-archetype-quickstart-1.1.jar
2025-02-19 11:05:57,236 [ModalContext] INFO  o.e.m.c.i.e.AbstractTransferListenerAdapter - Downloaded https://repo.maven.apache.org/maven2/org/apache/maven/archetypes/maven-archetype-quickstart/1.1/maven-archetype-quickstart-1.1.jar
2025-02-19 11:07:33,048 [Worker-47: Launching mavenrun-b4e41924-fe0c-4717-9f52-83c78c688ae6] INFO  o.eclipse.m2e.core.internal.Bundles - getClasspathEntries(Bundle=org.eclipse.m2e.maven.runtime_3.9.900.20240824-1409 [638])
2025-02-19 11:07:33,050 [Worker-47: Launching mavenrun-b4e41924-fe0c-4717-9f52-83c78c688ae6] INFO  o.eclipse.m2e.core.internal.Bundles - 	Entry: C:\Users\Hafsa\.p2\pool\plugins\org.eclipse.m2e.maven.runtime_3.9.900.20240824-1409
2025-02-19 11:07:33,051 [Worker-47: Launching mavenrun-b4e41924-fe0c-4717-9f52-83c78c688ae6] INFO  o.eclipse.m2e.core.internal.Bundles - 	Entry: C:\Users\Hafsa\.p2\pool\plugins\org.eclipse.m2e.maven.runtime_3.9.900.20240824-1409\jars\aopalliance-1.0.jar
2025-02-19 11:07:33,051 [Worker-47: Launching mavenrun-b4e41924-fe0c-4717-9f52-83c78c688ae6] INFO  o.eclipse.m2e.core.internal.Bundles - 	Entry: C:\Users\Hafsa\.p2\pool\plugins\org.eclipse.m2e.maven.runtime_3.9.900.20240824-1409\jars\guice-5.1.0.jar
2025-02-19 11:07:33,051 [Worker-47: Launching mavenrun-b4e41924-fe0c-4717-9f52-83c78c688ae6] INFO  o.eclipse.m2e.core.internal.Bundles - 	Entry: C:\Users\Hafsa\.p2\pool\plugins\org.eclipse.m2e.maven.runtime_3.9.900.20240824-1409\jars\httpclient-4.5.14.jar
2025-02-19 11:07:33,052 [Worker-47: Launching mavenrun-b4e41924-fe0c-4717-9f52-83c78c688ae6] INFO  o.eclipse.m2e.core.internal.Bundles - 	Entry: C:\Users\Hafsa\.p2\pool\plugins\org.eclipse.m2e.maven.runtime_3.9.900.20240824-1409\jars\httpcore-4.4.16.jar
2025-02-19 11:07:33,052 [Worker-47: Launching mavenrun-b4e41924-fe0c-4717-9f52-83c78c688ae6] INFO  o.eclipse.m2e.core.internal.Bundles - 	Entry: C:\Users\Hafsa\.p2\pool\plugins\org.eclipse.m2e.maven.runtime_3.9.900.20240824-1409\jars\jansi-2.4.1.jar
2025-02-19 11:07:33,052 [Worker-47: Launching mavenrun-b4e41924-fe0c-4717-9f52-83c78c688ae6] INFO  o.eclipse.m2e.core.internal.Bundles - 	Entry: C:\Users\Hafsa\.p2\pool\plugins\org.eclipse.m2e.maven.runtime_3.9.900.20240824-1409\jars\jcl-over-slf4j-1.7.36.jar
2025-02-19 11:07:33,053 [Worker-47: Launching mavenrun-b4e41924-fe0c-4717-9f52-83c78c688ae6] INFO  o.eclipse.m2e.core.internal.Bundles - 	Entry: C:\Users\Hafsa\.p2\pool\plugins\org.eclipse.m2e.maven.runtime_3.9.900.20240824-1409\jars\maven-artifact-3.9.9.jar
2025-02-19 11:07:33,053 [Worker-47: Launching mavenrun-b4e41924-fe0c-4717-9f52-83c78c688ae6] INFO  o.eclipse.m2e.core.internal.Bundles - 	Entry: C:\Users\Hafsa\.p2\pool\plugins\org.eclipse.m2e.maven.runtime_3.9.900.20240824-1409\jars\maven-builder-support-3.9.9.jar
2025-02-19 11:07:33,054 [Worker-47: Launching mavenrun-b4e41924-fe0c-4717-9f52-83c78c688ae6] INFO  o.eclipse.m2e.core.internal.Bundles - 	Entry: C:\Users\Hafsa\.p2\pool\plugins\org.eclipse.m2e.maven.runtime_3.9.900.20240824-1409\jars\maven-compat-3.9.9.jar
2025-02-19 11:07:33,054 [Worker-47: Launching mavenrun-b4e41924-fe0c-4717-9f52-83c78c688ae6] INFO  o.eclipse.m2e.core.internal.Bundles - 	Entry: C:\Users\Hafsa\.p2\pool\plugins\org.eclipse.m2e.maven.runtime_3.9.900.20240824-1409\jars\maven-core-3.9.9.jar
2025-02-19 11:07:33,054 [Worker-47: Launching mavenrun-b4e41924-fe0c-4717-9f52-83c78c688ae6] INFO  o.eclipse.m2e.core.internal.Bundles - 	Entry: C:\Users\Hafsa\.p2\pool\plugins\org.eclipse.m2e.maven.runtime_3.9.900.20240824-1409\jars\maven-embedder-3.9.9.jar
2025-02-19 11:07:33,055 [Worker-47: Launching mavenrun-b4e41924-fe0c-4717-9f52-83c78c688ae6] INFO  o.eclipse.m2e.core.internal.Bundles - 	Entry: C:\Users\Hafsa\.p2\pool\plugins\org.eclipse.m2e.maven.runtime_3.9.900.20240824-1409\jars\maven-model-3.9.9.jar
2025-02-19 11:07:33,055 [Worker-47: Launching mavenrun-b4e41924-fe0c-4717-9f52-83c78c688ae6] INFO  o.eclipse.m2e.core.internal.Bundles - 	Entry: C:\Users\Hafsa\.p2\pool\plugins\org.eclipse.m2e.maven.runtime_3.9.900.20240824-1409\jars\maven-model-builder-3.9.9.jar
2025-02-19 11:07:33,055 [Worker-47: Launching mavenrun-b4e41924-fe0c-4717-9f52-83c78c688ae6] INFO  o.eclipse.m2e.core.internal.Bundles - 	Entry: C:\Users\Hafsa\.p2\pool\plugins\org.eclipse.m2e.maven.runtime_3.9.900.20240824-1409\jars\maven-plugin-api-3.9.9.jar
2025-02-19 11:07:33,056 [Worker-47: Launching mavenrun-b4e41924-fe0c-4717-9f52-83c78c688ae6] INFO  o.eclipse.m2e.core.internal.Bundles - 	Entry: C:\Users\Hafsa\.p2\pool\plugins\org.eclipse.m2e.maven.runtime_3.9.900.20240824-1409\jars\maven-repository-metadata-3.9.9.jar
2025-02-19 11:07:33,056 [Worker-47: Launching mavenrun-b4e41924-fe0c-4717-9f52-83c78c688ae6] INFO  o.eclipse.m2e.core.internal.Bundles - 	Entry: C:\Users\Hafsa\.p2\pool\plugins\org.eclipse.m2e.maven.runtime_3.9.900.20240824-1409\jars\maven-resolver-api-1.9.22.jar
2025-02-19 11:07:33,056 [Worker-47: Launching mavenrun-b4e41924-fe0c-4717-9f52-83c78c688ae6] INFO  o.eclipse.m2e.core.internal.Bundles - 	Entry: C:\Users\Hafsa\.p2\pool\plugins\org.eclipse.m2e.maven.runtime_3.9.900.20240824-1409\jars\maven-resolver-connector-basic-1.9.22.jar
2025-02-19 11:07:33,056 [Worker-47: Launching mavenrun-b4e41924-fe0c-4717-9f52-83c78c688ae6] INFO  o.eclipse.m2e.core.internal.Bundles - 	Entry: C:\Users\Hafsa\.p2\pool\plugins\org.eclipse.m2e.maven.runtime_3.9.900.20240824-1409\jars\maven-resolver-impl-1.9.22.jar
2025-02-19 11:07:33,057 [Worker-47: Launching mavenrun-b4e41924-fe0c-4717-9f52-83c78c688ae6] INFO  o.eclipse.m2e.core.internal.Bundles - 	Entry: C:\Users\Hafsa\.p2\pool\plugins\org.eclipse.m2e.maven.runtime_3.9.900.20240824-1409\jars\maven-resolver-named-locks-1.9.22.jar
2025-02-19 11:07:33,057 [Worker-47: Launching mavenrun-b4e41924-fe0c-4717-9f52-83c78c688ae6] INFO  o.eclipse.m2e.core.internal.Bundles - 	Entry: C:\Users\Hafsa\.p2\pool\plugins\org.eclipse.m2e.maven.runtime_3.9.900.20240824-1409\jars\maven-resolver-provider-3.9.9.jar
2025-02-19 11:07:33,057 [Worker-47: Launching mavenrun-b4e41924-fe0c-4717-9f52-83c78c688ae6] INFO  o.eclipse.m2e.core.internal.Bundles - 	Entry: C:\Users\Hafsa\.p2\pool\plugins\org.eclipse.m2e.maven.runtime_3.9.900.20240824-1409\jars\maven-resolver-spi-1.9.22.jar
2025-02-19 11:07:33,058 [Worker-47: Launching mavenrun-b4e41924-fe0c-4717-9f52-83c78c688ae6] INFO  o.eclipse.m2e.core.internal.Bundles - 	Entry: C:\Users\Hafsa\.p2\pool\plugins\org.eclipse.m2e.maven.runtime_3.9.900.20240824-1409\jars\maven-resolver-transport-file-1.9.22.jar
2025-02-19 11:07:33,058 [Worker-47: Launching mavenrun-b4e41924-fe0c-4717-9f52-83c78c688ae6] INFO  o.eclipse.m2e.core.internal.Bundles - 	Entry: C:\Users\Hafsa\.p2\pool\plugins\org.eclipse.m2e.maven.runtime_3.9.900.20240824-1409\jars\maven-resolver-transport-http-1.9.22.jar
2025-02-19 11:07:33,058 [Worker-47: Launching mavenrun-b4e41924-fe0c-4717-9f52-83c78c688ae6] INFO  o.eclipse.m2e.core.internal.Bundles - 	Entry: C:\Users\Hafsa\.p2\pool\plugins\org.eclipse.m2e.maven.runtime_3.9.900.20240824-1409\jars\maven-resolver-transport-wagon-1.9.22.jar
2025-02-19 11:07:33,059 [Worker-47: Launching mavenrun-b4e41924-fe0c-4717-9f52-83c78c688ae6] INFO  o.eclipse.m2e.core.internal.Bundles - 	Entry: C:\Users\Hafsa\.p2\pool\plugins\org.eclipse.m2e.maven.runtime_3.9.900.20240824-1409\jars\maven-resolver-util-1.9.22.jar
2025-02-19 11:07:33,059 [Worker-47: Launching mavenrun-b4e41924-fe0c-4717-9f52-83c78c688ae6] INFO  o.eclipse.m2e.core.internal.Bundles - 	Entry: C:\Users\Hafsa\.p2\pool\plugins\org.eclipse.m2e.maven.runtime_3.9.900.20240824-1409\jars\maven-settings-3.9.9.jar
2025-02-19 11:07:33,060 [Worker-47: Launching mavenrun-b4e41924-fe0c-4717-9f52-83c78c688ae6] INFO  o.eclipse.m2e.core.internal.Bundles - 	Entry: C:\Users\Hafsa\.p2\pool\plugins\org.eclipse.m2e.maven.runtime_3.9.900.20240824-1409\jars\maven-settings-builder-3.9.9.jar
2025-02-19 11:07:33,060 [Worker-47: Launching mavenrun-b4e41924-fe0c-4717-9f52-83c78c688ae6] INFO  o.eclipse.m2e.core.internal.Bundles - 	Entry: C:\Users\Hafsa\.p2\pool\plugins\org.eclipse.m2e.maven.runtime_3.9.900.20240824-1409\jars\maven-shared-utils-3.4.2.jar
2025-02-19 11:07:33,060 [Worker-47: Launching mavenrun-b4e41924-fe0c-4717-9f52-83c78c688ae6] INFO  o.eclipse.m2e.core.internal.Bundles - 	Entry: C:\Users\Hafsa\.p2\pool\plugins\org.eclipse.m2e.maven.runtime_3.9.900.20240824-1409\jars\org.eclipse.sisu.inject-0.9.0.M3.jar
2025-02-19 11:07:33,061 [Worker-47: Launching mavenrun-b4e41924-fe0c-4717-9f52-83c78c688ae6] INFO  o.eclipse.m2e.core.internal.Bundles - 	Entry: C:\Users\Hafsa\.p2\pool\plugins\org.eclipse.m2e.maven.runtime_3.9.900.20240824-1409\jars\org.eclipse.sisu.plexus-0.9.0.M3.jar
2025-02-19 11:07:33,061 [Worker-47: Launching mavenrun-b4e41924-fe0c-4717-9f52-83c78c688ae6] INFO  o.eclipse.m2e.core.internal.Bundles - 	Entry: C:\Users\Hafsa\.p2\pool\plugins\org.eclipse.m2e.maven.runtime_3.9.900.20240824-1409\jars\plexus-build-api-0.0.7.jar
2025-02-19 11:07:33,061 [Worker-47: Launching mavenrun-b4e41924-fe0c-4717-9f52-83c78c688ae6] INFO  o.eclipse.m2e.core.internal.Bundles - 	Entry: C:\Users\Hafsa\.p2\pool\plugins\org.eclipse.m2e.maven.runtime_3.9.900.20240824-1409\jars\plexus-build-api-1.2.0.jar
2025-02-19 11:07:33,062 [Worker-47: Launching mavenrun-b4e41924-fe0c-4717-9f52-83c78c688ae6] INFO  o.eclipse.m2e.core.internal.Bundles - 	Entry: C:\Users\Hafsa\.p2\pool\plugins\org.eclipse.m2e.maven.runtime_3.9.900.20240824-1409\jars\plexus-cipher-2.0.jar
2025-02-19 11:07:33,062 [Worker-47: Launching mavenrun-b4e41924-fe0c-4717-9f52-83c78c688ae6] INFO  o.eclipse.m2e.core.internal.Bundles - 	Entry: C:\Users\Hafsa\.p2\pool\plugins\org.eclipse.m2e.maven.runtime_3.9.900.20240824-1409\jars\plexus-classworlds-2.8.0.jar
2025-02-19 11:07:33,062 [Worker-47: Launching mavenrun-b4e41924-fe0c-4717-9f52-83c78c688ae6] INFO  o.eclipse.m2e.core.internal.Bundles - 	Entry: C:\Users\Hafsa\.p2\pool\plugins\org.eclipse.m2e.maven.runtime_3.9.900.20240824-1409\jars\plexus-component-annotations-2.1.0.jar
2025-02-19 11:07:33,063 [Worker-47: Launching mavenrun-b4e41924-fe0c-4717-9f52-83c78c688ae6] INFO  o.eclipse.m2e.core.internal.Bundles - 	Entry: C:\Users\Hafsa\.p2\pool\plugins\org.eclipse.m2e.maven.runtime_3.9.900.20240824-1409\jars\plexus-interpolation-1.27.jar
2025-02-19 11:07:33,063 [Worker-47: Launching mavenrun-b4e41924-fe0c-4717-9f52-83c78c688ae6] INFO  o.eclipse.m2e.core.internal.Bundles - 	Entry: C:\Users\Hafsa\.p2\pool\plugins\org.eclipse.m2e.maven.runtime_3.9.900.20240824-1409\jars\plexus-sec-dispatcher-2.0.jar
2025-02-19 11:07:33,063 [Worker-47: Launching mavenrun-b4e41924-fe0c-4717-9f52-83c78c688ae6] INFO  o.eclipse.m2e.core.internal.Bundles - 	Entry: C:\Users\Hafsa\.p2\pool\plugins\org.eclipse.m2e.maven.runtime_3.9.900.20240824-1409\jars\plexus-utils-3.5.1.jar
2025-02-19 11:07:33,064 [Worker-47: Launching mavenrun-b4e41924-fe0c-4717-9f52-83c78c688ae6] INFO  o.eclipse.m2e.core.internal.Bundles - 	Entry: C:\Users\Hafsa\.p2\pool\plugins\org.eclipse.m2e.maven.runtime_3.9.900.20240824-1409\jars\plexus-xml-3.0.1.jar
2025-02-19 11:07:33,064 [Worker-47: Launching mavenrun-b4e41924-fe0c-4717-9f52-83c78c688ae6] INFO  o.eclipse.m2e.core.internal.Bundles - 	Entry: C:\Users\Hafsa\.p2\pool\plugins\org.eclipse.m2e.maven.runtime_3.9.900.20240824-1409\jars\wagon-file-3.5.3.jar
2025-02-19 11:07:33,064 [Worker-47: Launching mavenrun-b4e41924-fe0c-4717-9f52-83c78c688ae6] INFO  o.eclipse.m2e.core.internal.Bundles - 	Entry: C:\Users\Hafsa\.p2\pool\plugins\org.eclipse.m2e.maven.runtime_3.9.900.20240824-1409\jars\wagon-http-3.5.3.jar
2025-02-19 11:07:33,065 [Worker-47: Launching mavenrun-b4e41924-fe0c-4717-9f52-83c78c688ae6] INFO  o.eclipse.m2e.core.internal.Bundles - 	Entry: C:\Users\Hafsa\.p2\pool\plugins\org.eclipse.m2e.maven.runtime_3.9.900.20240824-1409\jars\wagon-http-shared-3.5.3.jar
2025-02-19 11:07:33,065 [Worker-47: Launching mavenrun-b4e41924-fe0c-4717-9f52-83c78c688ae6] INFO  o.eclipse.m2e.core.internal.Bundles - 	Entry: C:\Users\Hafsa\.p2\pool\plugins\org.eclipse.m2e.maven.runtime_3.9.900.20240824-1409\jars\wagon-provider-api-3.5.3.jar
2025-02-19 11:07:33,067 [Worker-47: Launching mavenrun-b4e41924-fe0c-4717-9f52-83c78c688ae6] INFO  o.eclipse.m2e.core.internal.Bundles - getClasspathEntries(Bundle=com.google.guava_33.3.1.jre [16])
2025-02-19 11:07:33,068 [Worker-47: Launching mavenrun-b4e41924-fe0c-4717-9f52-83c78c688ae6] INFO  o.eclipse.m2e.core.internal.Bundles - 	Entry: C:\Users\Hafsa\.p2\pool\plugins\com.google.guava_33.3.1.jre.jar
2025-02-19 11:07:33,068 [Worker-47: Launching mavenrun-b4e41924-fe0c-4717-9f52-83c78c688ae6] INFO  o.eclipse.m2e.core.internal.Bundles - getClasspathEntries(Bundle=slf4j.api_2.0.16 [1005])
2025-02-19 11:07:33,069 [Worker-47: Launching mavenrun-b4e41924-fe0c-4717-9f52-83c78c688ae6] INFO  o.eclipse.m2e.core.internal.Bundles - 	Entry: C:\Users\Hafsa\.p2\pool\plugins\slf4j.api_2.0.16.jar
2025-02-19 11:07:33,069 [Worker-47: Launching mavenrun-b4e41924-fe0c-4717-9f52-83c78c688ae6] INFO  o.eclipse.m2e.core.internal.Bundles - getClasspathEntries(Bundle=jakarta.inject.jakarta.inject-api_1.0.5 [34])
2025-02-19 11:07:33,070 [Worker-47: Launching mavenrun-b4e41924-fe0c-4717-9f52-83c78c688ae6] INFO  o.eclipse.m2e.core.internal.Bundles - 	Entry: C:\Users\Hafsa\.p2\pool\plugins\jakarta.inject.jakarta.inject-api_1.0.5.jar
2025-02-19 11:07:33,070 [Worker-47: Launching mavenrun-b4e41924-fe0c-4717-9f52-83c78c688ae6] INFO  o.eclipse.m2e.core.internal.Bundles - getClasspathEntries(Bundle=jakarta.annotation-api_1.3.5 [29])
2025-02-19 11:07:33,071 [Worker-47: Launching mavenrun-b4e41924-fe0c-4717-9f52-83c78c688ae6] INFO  o.eclipse.m2e.core.internal.Bundles - 	Entry: C:\Users\Hafsa\.p2\pool\plugins\jakarta.annotation-api_1.3.5.jar
2025-02-19 11:07:33,071 [Worker-47: Launching mavenrun-b4e41924-fe0c-4717-9f52-83c78c688ae6] INFO  o.eclipse.m2e.core.internal.Bundles - getClasspathEntries(Bundle=org.apache.commons.cli_1.9.0 [75])
2025-02-19 11:07:33,072 [Worker-47: Launching mavenrun-b4e41924-fe0c-4717-9f52-83c78c688ae6] INFO  o.eclipse.m2e.core.internal.Bundles - 	Entry: C:\Users\Hafsa\.p2\pool\plugins\org.apache.commons.cli_1.9.0.jar
2025-02-19 11:07:33,072 [Worker-47: Launching mavenrun-b4e41924-fe0c-4717-9f52-83c78c688ae6] INFO  o.eclipse.m2e.core.internal.Bundles - getClasspathEntries(Bundle=org.apache.commons.commons-codec_1.16.0 [78])
2025-02-19 11:07:33,072 [Worker-47: Launching mavenrun-b4e41924-fe0c-4717-9f52-83c78c688ae6] INFO  o.eclipse.m2e.core.internal.Bundles - 	Entry: C:\Users\Hafsa\.p2\pool\plugins\org.apache.commons.commons-codec_1.16.0.jar
2025-02-19 11:07:33,072 [Worker-47: Launching mavenrun-b4e41924-fe0c-4717-9f52-83c78c688ae6] INFO  o.eclipse.m2e.core.internal.Bundles - getClasspathEntries(Bundle=com.google.guava.failureaccess_1.0.2 [17])
2025-02-19 11:07:33,073 [Worker-47: Launching mavenrun-b4e41924-fe0c-4717-9f52-83c78c688ae6] INFO  o.eclipse.m2e.core.internal.Bundles - 	Entry: C:\Users\Hafsa\.p2\pool\plugins\com.google.guava.failureaccess_1.0.2.jar
2025-02-19 11:07:33,078 [Worker-47: Launching mavenrun-b4e41924-fe0c-4717-9f52-83c78c688ae6] INFO  o.e.m.i.launch.MavenLaunchDelegate - Run build in "C:\Users\Hafsa\AppData\Local\Temp\m2e-archetypeGenerator17976491231912041718":
2025-02-19 11:07:33,084 [Worker-47: Launching mavenrun-b4e41924-fe0c-4717-9f52-83c78c688ae6] INFO  o.e.m.i.launch.MavenLaunchDelegate -  mvn  -DarchetypeGroupId=org.apache.maven.archetypes -DarchetypeArtifactId=maven-archetype-quickstart -DarchetypeVersion=1.1 -DgroupId=com.example -DartifactId=MyMavenProject -Dversion=0.0.1-SNAPSHOT -Dpackage=com.example.MyMavenProject -DoutputDirectory="D:\Java Eclipse Projects" -Dstyle.color=always -U archetype:generate
2025-02-19 11:25:43,739 [Worker-0: Loading available Gradle versions] INFO  o.e.b.c.i.u.g.PublishedGradleVersions - Gradle version information cache is up-to-date. Trying to read.
2025-02-19 11:29:33,594 [ModalContext] INFO  o.e.m.c.i.e.AbstractTransferListenerAdapter - Downloading https://repo.maven.apache.org/maven2/com/haoxuer/maven/archetype/maven-archetype-quickstart/1.01/maven-archetype-quickstart-1.01.pom
2025-02-19 11:29:33,623 [ModalContext] INFO  o.e.m.c.i.e.AbstractTransferListenerAdapter - Downloaded https://repo.maven.apache.org/maven2/com/haoxuer/maven/archetype/maven-archetype-quickstart/1.01/maven-archetype-quickstart-1.01.pom
2025-02-19 11:29:34,078 [ModalContext] INFO  o.e.m.c.i.e.AbstractTransferListenerAdapter - Downloaded https://repo.maven.apache.org/maven2/com/haoxuer/maven/archetype/maven-archetype-bundles/1.01/maven-archetype-bundles-1.01.pom
2025-02-19 11:29:53,193 [Worker-5: Launching mavenrun-260e6ba8-0f2e-41b3-a087-f19dfcb2740d] INFO  o.eclipse.m2e.core.internal.Bundles - getClasspathEntries(Bundle=org.eclipse.m2e.maven.runtime_3.9.900.20240824-1409 [638])
2025-02-19 11:29:53,195 [Worker-5: Launching mavenrun-260e6ba8-0f2e-41b3-a087-f19dfcb2740d] INFO  o.eclipse.m2e.core.internal.Bundles - 	Entry: C:\Users\Hafsa\.p2\pool\plugins\org.eclipse.m2e.maven.runtime_3.9.900.20240824-1409
2025-02-19 11:29:53,196 [Worker-5: Launching mavenrun-260e6ba8-0f2e-41b3-a087-f19dfcb2740d] INFO  o.eclipse.m2e.core.internal.Bundles - 	Entry: C:\Users\Hafsa\.p2\pool\plugins\org.eclipse.m2e.maven.runtime_3.9.900.20240824-1409\jars\aopalliance-1.0.jar
2025-02-19 11:29:53,197 [Worker-5: Launching mavenrun-260e6ba8-0f2e-41b3-a087-f19dfcb2740d] INFO  o.eclipse.m2e.core.internal.Bundles - 	Entry: C:\Users\Hafsa\.p2\pool\plugins\org.eclipse.m2e.maven.runtime_3.9.900.20240824-1409\jars\guice-5.1.0.jar
2025-02-19 11:29:53,197 [Worker-5: Launching mavenrun-260e6ba8-0f2e-41b3-a087-f19dfcb2740d] INFO  o.eclipse.m2e.core.internal.Bundles - 	Entry: C:\Users\Hafsa\.p2\pool\plugins\org.eclipse.m2e.maven.runtime_3.9.900.20240824-1409\jars\httpclient-4.5.14.jar
2025-02-19 11:29:53,197 [Worker-5: Launching mavenrun-260e6ba8-0f2e-41b3-a087-f19dfcb2740d] INFO  o.eclipse.m2e.core.internal.Bundles - 	Entry: C:\Users\Hafsa\.p2\pool\plugins\org.eclipse.m2e.maven.runtime_3.9.900.20240824-1409\jars\httpcore-4.4.16.jar
2025-02-19 11:29:53,198 [Worker-5: Launching mavenrun-260e6ba8-0f2e-41b3-a087-f19dfcb2740d] INFO  o.eclipse.m2e.core.internal.Bundles - 	Entry: C:\Users\Hafsa\.p2\pool\plugins\org.eclipse.m2e.maven.runtime_3.9.900.20240824-1409\jars\jansi-2.4.1.jar
2025-02-19 11:29:53,198 [Worker-5: Launching mavenrun-260e6ba8-0f2e-41b3-a087-f19dfcb2740d] INFO  o.eclipse.m2e.core.internal.Bundles - 	Entry: C:\Users\Hafsa\.p2\pool\plugins\org.eclipse.m2e.maven.runtime_3.9.900.20240824-1409\jars\jcl-over-slf4j-1.7.36.jar
2025-02-19 11:29:53,198 [Worker-5: Launching mavenrun-260e6ba8-0f2e-41b3-a087-f19dfcb2740d] INFO  o.eclipse.m2e.core.internal.Bundles - 	Entry: C:\Users\Hafsa\.p2\pool\plugins\org.eclipse.m2e.maven.runtime_3.9.900.20240824-1409\jars\maven-artifact-3.9.9.jar
2025-02-19 11:29:53,199 [Worker-5: Launching mavenrun-260e6ba8-0f2e-41b3-a087-f19dfcb2740d] INFO  o.eclipse.m2e.core.internal.Bundles - 	Entry: C:\Users\Hafsa\.p2\pool\plugins\org.eclipse.m2e.maven.runtime_3.9.900.20240824-1409\jars\maven-builder-support-3.9.9.jar
2025-02-19 11:29:53,199 [Worker-5: Launching mavenrun-260e6ba8-0f2e-41b3-a087-f19dfcb2740d] INFO  o.eclipse.m2e.core.internal.Bundles - 	Entry: C:\Users\Hafsa\.p2\pool\plugins\org.eclipse.m2e.maven.runtime_3.9.900.20240824-1409\jars\maven-compat-3.9.9.jar
2025-02-19 11:29:53,200 [Worker-5: Launching mavenrun-260e6ba8-0f2e-41b3-a087-f19dfcb2740d] INFO  o.eclipse.m2e.core.internal.Bundles - 	Entry: C:\Users\Hafsa\.p2\pool\plugins\org.eclipse.m2e.maven.runtime_3.9.900.20240824-1409\jars\maven-core-3.9.9.jar
2025-02-19 11:29:53,200 [Worker-5: Launching mavenrun-260e6ba8-0f2e-41b3-a087-f19dfcb2740d] INFO  o.eclipse.m2e.core.internal.Bundles - 	Entry: C:\Users\Hafsa\.p2\pool\plugins\org.eclipse.m2e.maven.runtime_3.9.900.20240824-1409\jars\maven-embedder-3.9.9.jar
2025-02-19 11:29:53,201 [Worker-5: Launching mavenrun-260e6ba8-0f2e-41b3-a087-f19dfcb2740d] INFO  o.eclipse.m2e.core.internal.Bundles - 	Entry: C:\Users\Hafsa\.p2\pool\plugins\org.eclipse.m2e.maven.runtime_3.9.900.20240824-1409\jars\maven-model-3.9.9.jar
2025-02-19 11:29:53,201 [Worker-5: Launching mavenrun-260e6ba8-0f2e-41b3-a087-f19dfcb2740d] INFO  o.eclipse.m2e.core.internal.Bundles - 	Entry: C:\Users\Hafsa\.p2\pool\plugins\org.eclipse.m2e.maven.runtime_3.9.900.20240824-1409\jars\maven-model-builder-3.9.9.jar
2025-02-19 11:29:53,201 [Worker-5: Launching mavenrun-260e6ba8-0f2e-41b3-a087-f19dfcb2740d] INFO  o.eclipse.m2e.core.internal.Bundles - 	Entry: C:\Users\Hafsa\.p2\pool\plugins\org.eclipse.m2e.maven.runtime_3.9.900.20240824-1409\jars\maven-plugin-api-3.9.9.jar
2025-02-19 11:29:53,202 [Worker-5: Launching mavenrun-260e6ba8-0f2e-41b3-a087-f19dfcb2740d] INFO  o.eclipse.m2e.core.internal.Bundles - 	Entry: C:\Users\Hafsa\.p2\pool\plugins\org.eclipse.m2e.maven.runtime_3.9.900.20240824-1409\jars\maven-repository-metadata-3.9.9.jar
2025-02-19 11:29:53,202 [Worker-5: Launching mavenrun-260e6ba8-0f2e-41b3-a087-f19dfcb2740d] INFO  o.eclipse.m2e.core.internal.Bundles - 	Entry: C:\Users\Hafsa\.p2\pool\plugins\org.eclipse.m2e.maven.runtime_3.9.900.20240824-1409\jars\maven-resolver-api-1.9.22.jar
2025-02-19 11:29:53,202 [Worker-5: Launching mavenrun-260e6ba8-0f2e-41b3-a087-f19dfcb2740d] INFO  o.eclipse.m2e.core.internal.Bundles - 	Entry: C:\Users\Hafsa\.p2\pool\plugins\org.eclipse.m2e.maven.runtime_3.9.900.20240824-1409\jars\maven-resolver-connector-basic-1.9.22.jar
2025-02-19 11:29:53,203 [Worker-5: Launching mavenrun-260e6ba8-0f2e-41b3-a087-f19dfcb2740d] INFO  o.eclipse.m2e.core.internal.Bundles - 	Entry: C:\Users\Hafsa\.p2\pool\plugins\org.eclipse.m2e.maven.runtime_3.9.900.20240824-1409\jars\maven-resolver-impl-1.9.22.jar
2025-02-19 11:29:53,203 [Worker-5: Launching mavenrun-260e6ba8-0f2e-41b3-a087-f19dfcb2740d] INFO  o.eclipse.m2e.core.internal.Bundles - 	Entry: C:\Users\Hafsa\.p2\pool\plugins\org.eclipse.m2e.maven.runtime_3.9.900.20240824-1409\jars\maven-resolver-named-locks-1.9.22.jar
2025-02-19 11:29:53,203 [Worker-5: Launching mavenrun-260e6ba8-0f2e-41b3-a087-f19dfcb2740d] INFO  o.eclipse.m2e.core.internal.Bundles - 	Entry: C:\Users\Hafsa\.p2\pool\plugins\org.eclipse.m2e.maven.runtime_3.9.900.20240824-1409\jars\maven-resolver-provider-3.9.9.jar
2025-02-19 11:29:53,204 [Worker-5: Launching mavenrun-260e6ba8-0f2e-41b3-a087-f19dfcb2740d] INFO  o.eclipse.m2e.core.internal.Bundles - 	Entry: C:\Users\Hafsa\.p2\pool\plugins\org.eclipse.m2e.maven.runtime_3.9.900.20240824-1409\jars\maven-resolver-spi-1.9.22.jar
2025-02-19 11:29:53,204 [Worker-5: Launching mavenrun-260e6ba8-0f2e-41b3-a087-f19dfcb2740d] INFO  o.eclipse.m2e.core.internal.Bundles - 	Entry: C:\Users\Hafsa\.p2\pool\plugins\org.eclipse.m2e.maven.runtime_3.9.900.20240824-1409\jars\maven-resolver-transport-file-1.9.22.jar
2025-02-19 11:29:53,204 [Worker-5: Launching mavenrun-260e6ba8-0f2e-41b3-a087-f19dfcb2740d] INFO  o.eclipse.m2e.core.internal.Bundles - 	Entry: C:\Users\Hafsa\.p2\pool\plugins\org.eclipse.m2e.maven.runtime_3.9.900.20240824-1409\jars\maven-resolver-transport-http-1.9.22.jar
2025-02-19 11:29:53,205 [Worker-5: Launching mavenrun-260e6ba8-0f2e-41b3-a087-f19dfcb2740d] INFO  o.eclipse.m2e.core.internal.Bundles - 	Entry: C:\Users\Hafsa\.p2\pool\plugins\org.eclipse.m2e.maven.runtime_3.9.900.20240824-1409\jars\maven-resolver-transport-wagon-1.9.22.jar
2025-02-19 11:29:53,205 [Worker-5: Launching mavenrun-260e6ba8-0f2e-41b3-a087-f19dfcb2740d] INFO  o.eclipse.m2e.core.internal.Bundles - 	Entry: C:\Users\Hafsa\.p2\pool\plugins\org.eclipse.m2e.maven.runtime_3.9.900.20240824-1409\jars\maven-resolver-util-1.9.22.jar
2025-02-19 11:29:53,206 [Worker-5: Launching mavenrun-260e6ba8-0f2e-41b3-a087-f19dfcb2740d] INFO  o.eclipse.m2e.core.internal.Bundles - 	Entry: C:\Users\Hafsa\.p2\pool\plugins\org.eclipse.m2e.maven.runtime_3.9.900.20240824-1409\jars\maven-settings-3.9.9.jar
2025-02-19 11:29:53,206 [Worker-5: Launching mavenrun-260e6ba8-0f2e-41b3-a087-f19dfcb2740d] INFO  o.eclipse.m2e.core.internal.Bundles - 	Entry: C:\Users\Hafsa\.p2\pool\plugins\org.eclipse.m2e.maven.runtime_3.9.900.20240824-1409\jars\maven-settings-builder-3.9.9.jar
2025-02-19 11:29:53,206 [Worker-5: Launching mavenrun-260e6ba8-0f2e-41b3-a087-f19dfcb2740d] INFO  o.eclipse.m2e.core.internal.Bundles - 	Entry: C:\Users\Hafsa\.p2\pool\plugins\org.eclipse.m2e.maven.runtime_3.9.900.20240824-1409\jars\maven-shared-utils-3.4.2.jar
2025-02-19 11:29:53,207 [Worker-5: Launching mavenrun-260e6ba8-0f2e-41b3-a087-f19dfcb2740d] INFO  o.eclipse.m2e.core.internal.Bundles - 	Entry: C:\Users\Hafsa\.p2\pool\plugins\org.eclipse.m2e.maven.runtime_3.9.900.20240824-1409\jars\org.eclipse.sisu.inject-0.9.0.M3.jar
2025-02-19 11:29:53,207 [Worker-5: Launching mavenrun-260e6ba8-0f2e-41b3-a087-f19dfcb2740d] INFO  o.eclipse.m2e.core.internal.Bundles - 	Entry: C:\Users\Hafsa\.p2\pool\plugins\org.eclipse.m2e.maven.runtime_3.9.900.20240824-1409\jars\org.eclipse.sisu.plexus-0.9.0.M3.jar
2025-02-19 11:29:53,207 [Worker-5: Launching mavenrun-260e6ba8-0f2e-41b3-a087-f19dfcb2740d] INFO  o.eclipse.m2e.core.internal.Bundles - 	Entry: C:\Users\Hafsa\.p2\pool\plugins\org.eclipse.m2e.maven.runtime_3.9.900.20240824-1409\jars\plexus-build-api-0.0.7.jar
2025-02-19 11:29:53,208 [Worker-5: Launching mavenrun-260e6ba8-0f2e-41b3-a087-f19dfcb2740d] INFO  o.eclipse.m2e.core.internal.Bundles - 	Entry: C:\Users\Hafsa\.p2\pool\plugins\org.eclipse.m2e.maven.runtime_3.9.900.20240824-1409\jars\plexus-build-api-1.2.0.jar
2025-02-19 11:29:53,208 [Worker-5: Launching mavenrun-260e6ba8-0f2e-41b3-a087-f19dfcb2740d] INFO  o.eclipse.m2e.core.internal.Bundles - 	Entry: C:\Users\Hafsa\.p2\pool\plugins\org.eclipse.m2e.maven.runtime_3.9.900.20240824-1409\jars\plexus-cipher-2.0.jar
2025-02-19 11:29:53,208 [Worker-5: Launching mavenrun-260e6ba8-0f2e-41b3-a087-f19dfcb2740d] INFO  o.eclipse.m2e.core.internal.Bundles - 	Entry: C:\Users\Hafsa\.p2\pool\plugins\org.eclipse.m2e.maven.runtime_3.9.900.20240824-1409\jars\plexus-classworlds-2.8.0.jar
2025-02-19 11:29:53,209 [Worker-5: Launching mavenrun-260e6ba8-0f2e-41b3-a087-f19dfcb2740d] INFO  o.eclipse.m2e.core.internal.Bundles - 	Entry: C:\Users\Hafsa\.p2\pool\plugins\org.eclipse.m2e.maven.runtime_3.9.900.20240824-1409\jars\plexus-component-annotations-2.1.0.jar
2025-02-19 11:29:53,209 [Worker-5: Launching mavenrun-260e6ba8-0f2e-41b3-a087-f19dfcb2740d] INFO  o.eclipse.m2e.core.internal.Bundles - 	Entry: C:\Users\Hafsa\.p2\pool\plugins\org.eclipse.m2e.maven.runtime_3.9.900.20240824-1409\jars\plexus-interpolation-1.27.jar
2025-02-19 11:29:53,209 [Worker-5: Launching mavenrun-260e6ba8-0f2e-41b3-a087-f19dfcb2740d] INFO  o.eclipse.m2e.core.internal.Bundles - 	Entry: C:\Users\Hafsa\.p2\pool\plugins\org.eclipse.m2e.maven.runtime_3.9.900.20240824-1409\jars\plexus-sec-dispatcher-2.0.jar
2025-02-19 11:29:53,210 [Worker-5: Launching mavenrun-260e6ba8-0f2e-41b3-a087-f19dfcb2740d] INFO  o.eclipse.m2e.core.internal.Bundles - 	Entry: C:\Users\Hafsa\.p2\pool\plugins\org.eclipse.m2e.maven.runtime_3.9.900.20240824-1409\jars\plexus-utils-3.5.1.jar
2025-02-19 11:29:53,210 [Worker-5: Launching mavenrun-260e6ba8-0f2e-41b3-a087-f19dfcb2740d] INFO  o.eclipse.m2e.core.internal.Bundles - 	Entry: C:\Users\Hafsa\.p2\pool\plugins\org.eclipse.m2e.maven.runtime_3.9.900.20240824-1409\jars\plexus-xml-3.0.1.jar
2025-02-19 11:29:53,210 [Worker-5: Launching mavenrun-260e6ba8-0f2e-41b3-a087-f19dfcb2740d] INFO  o.eclipse.m2e.core.internal.Bundles - 	Entry: C:\Users\Hafsa\.p2\pool\plugins\org.eclipse.m2e.maven.runtime_3.9.900.20240824-1409\jars\wagon-file-3.5.3.jar
2025-02-19 11:29:53,210 [Worker-5: Launching mavenrun-260e6ba8-0f2e-41b3-a087-f19dfcb2740d] INFO  o.eclipse.m2e.core.internal.Bundles - 	Entry: C:\Users\Hafsa\.p2\pool\plugins\org.eclipse.m2e.maven.runtime_3.9.900.20240824-1409\jars\wagon-http-3.5.3.jar
2025-02-19 11:29:53,211 [Worker-5: Launching mavenrun-260e6ba8-0f2e-41b3-a087-f19dfcb2740d] INFO  o.eclipse.m2e.core.internal.Bundles - 	Entry: C:\Users\Hafsa\.p2\pool\plugins\org.eclipse.m2e.maven.runtime_3.9.900.20240824-1409\jars\wagon-http-shared-3.5.3.jar
2025-02-19 11:29:53,211 [Worker-5: Launching mavenrun-260e6ba8-0f2e-41b3-a087-f19dfcb2740d] INFO  o.eclipse.m2e.core.internal.Bundles - 	Entry: C:\Users\Hafsa\.p2\pool\plugins\org.eclipse.m2e.maven.runtime_3.9.900.20240824-1409\jars\wagon-provider-api-3.5.3.jar
2025-02-19 11:29:53,213 [Worker-5: Launching mavenrun-260e6ba8-0f2e-41b3-a087-f19dfcb2740d] INFO  o.eclipse.m2e.core.internal.Bundles - getClasspathEntries(Bundle=com.google.guava_33.3.1.jre [16])
2025-02-19 11:29:53,214 [Worker-5: Launching mavenrun-260e6ba8-0f2e-41b3-a087-f19dfcb2740d] INFO  o.eclipse.m2e.core.internal.Bundles - 	Entry: C:\Users\Hafsa\.p2\pool\plugins\com.google.guava_33.3.1.jre.jar
2025-02-19 11:29:53,214 [Worker-5: Launching mavenrun-260e6ba8-0f2e-41b3-a087-f19dfcb2740d] INFO  o.eclipse.m2e.core.internal.Bundles - getClasspathEntries(Bundle=slf4j.api_2.0.16 [1005])
2025-02-19 11:29:53,215 [Worker-5: Launching mavenrun-260e6ba8-0f2e-41b3-a087-f19dfcb2740d] INFO  o.eclipse.m2e.core.internal.Bundles - 	Entry: C:\Users\Hafsa\.p2\pool\plugins\slf4j.api_2.0.16.jar
2025-02-19 11:29:53,215 [Worker-5: Launching mavenrun-260e6ba8-0f2e-41b3-a087-f19dfcb2740d] INFO  o.eclipse.m2e.core.internal.Bundles - getClasspathEntries(Bundle=jakarta.inject.jakarta.inject-api_1.0.5 [34])
2025-02-19 11:29:53,217 [Worker-5: Launching mavenrun-260e6ba8-0f2e-41b3-a087-f19dfcb2740d] INFO  o.eclipse.m2e.core.internal.Bundles - 	Entry: C:\Users\Hafsa\.p2\pool\plugins\jakarta.inject.jakarta.inject-api_1.0.5.jar
2025-02-19 11:29:53,217 [Worker-5: Launching mavenrun-260e6ba8-0f2e-41b3-a087-f19dfcb2740d] INFO  o.eclipse.m2e.core.internal.Bundles - getClasspathEntries(Bundle=jakarta.annotation-api_1.3.5 [29])
2025-02-19 11:29:53,218 [Worker-5: Launching mavenrun-260e6ba8-0f2e-41b3-a087-f19dfcb2740d] INFO  o.eclipse.m2e.core.internal.Bundles - 	Entry: C:\Users\Hafsa\.p2\pool\plugins\jakarta.annotation-api_1.3.5.jar
2025-02-19 11:29:53,218 [Worker-5: Launching mavenrun-260e6ba8-0f2e-41b3-a087-f19dfcb2740d] INFO  o.eclipse.m2e.core.internal.Bundles - getClasspathEntries(Bundle=org.apache.commons.cli_1.9.0 [75])
2025-02-19 11:29:53,219 [Worker-5: Launching mavenrun-260e6ba8-0f2e-41b3-a087-f19dfcb2740d] INFO  o.eclipse.m2e.core.internal.Bundles - 	Entry: C:\Users\Hafsa\.p2\pool\plugins\org.apache.commons.cli_1.9.0.jar
2025-02-19 11:29:53,219 [Worker-5: Launching mavenrun-260e6ba8-0f2e-41b3-a087-f19dfcb2740d] INFO  o.eclipse.m2e.core.internal.Bundles - getClasspathEntries(Bundle=org.apache.commons.commons-codec_1.16.0 [78])
2025-02-19 11:29:53,220 [Worker-5: Launching mavenrun-260e6ba8-0f2e-41b3-a087-f19dfcb2740d] INFO  o.eclipse.m2e.core.internal.Bundles - 	Entry: C:\Users\Hafsa\.p2\pool\plugins\org.apache.commons.commons-codec_1.16.0.jar
2025-02-19 11:29:53,220 [Worker-5: Launching mavenrun-260e6ba8-0f2e-41b3-a087-f19dfcb2740d] INFO  o.eclipse.m2e.core.internal.Bundles - getClasspathEntries(Bundle=com.google.guava.failureaccess_1.0.2 [17])
2025-02-19 11:29:53,221 [Worker-5: Launching mavenrun-260e6ba8-0f2e-41b3-a087-f19dfcb2740d] INFO  o.eclipse.m2e.core.internal.Bundles - 	Entry: C:\Users\Hafsa\.p2\pool\plugins\com.google.guava.failureaccess_1.0.2.jar
2025-02-19 11:29:53,227 [Worker-5: Launching mavenrun-260e6ba8-0f2e-41b3-a087-f19dfcb2740d] INFO  o.e.m.i.launch.MavenLaunchDelegate - Run build in "C:\Users\Hafsa\AppData\Local\Temp\m2e-archetypeGenerator1241097651612164469":
2025-02-19 11:29:53,252 [Worker-5: Launching mavenrun-260e6ba8-0f2e-41b3-a087-f19dfcb2740d] INFO  o.e.m.i.launch.MavenLaunchDelegate -  mvn  -DarchetypeGroupId=com.haoxuer.maven.archetype -DarchetypeArtifactId=maven-archetype-quickstart -DarchetypeVersion=1.01 -DgroupId=com.example -DartifactId=NewMavenProject -Dversion=0.0.1-SNAPSHOT -Dpackage=com.example.NewMavenProject -DoutputDirectory="D:\Java Eclipse Projects\NewMavenProject" -Dstyle.color=always -U archetype:generate
